<?xml version="1.0" encoding="UTF-8"?>
<testsuite xmlns:xsi="http://www.w3.org/2001/XMLSchema-instance" xsi:noNamespaceSchemaLocation="https://maven.apache.org/surefire/maven-surefire-plugin/xsd/surefire-test-report-3.0.xsd" version="3.0" name="runners.MyTestRunner" time="70.398" tests="5" errors="2" skipped="0" failures="0">
  <properties>
[...]
</properties>
  <testcase name="Home Page Title verification" classname="Home Page feature" time="6.003">
    <system-out><![CDATA[
Scenario: Home Page Title verification                &amp#27;[90m# src/test/resources/features/HomePage.feature:3&amp#27;[0m
browser value is: Chrome
  &amp#27;[32mGiven &amp#27;[0m&amp#27;[32muser is on HomePage&amp#27;[0m                           &amp#27;[90m# stepDefinations.HomePageSteps.user_is_on_home_page()&amp#27;[0m
  &amp#27;[32mWhen &amp#27;[0m&amp#27;[32muser gets the HomePage title&amp#27;[0m                   &amp#27;[90m# stepDefinations.HomePageSteps.user_gets_the_home_page_title()&amp#27;[0m
  &amp#27;[32mThen &amp#27;[0m&amp#27;[32mHomePage title should be &amp#27;[0m&amp#27;[32m&amp#27;[1m"GTPL Bank Home Page"&amp#27;[0m &amp#27;[90m# stepDefinations.HomePageSteps.home_page_title_should_be(java.lang.String)&amp#27;[0m

    Embedding Home_Page_Title_verification [img/png 52958 bytes]

]]></system-out>
    <system-err><![CDATA[Dec 02, 2025 7:22:06 PM org.openqa.selenium.devtools.CdpVersionFinder findNearestMatch
WARNING: Unable to find an exact match for CDP version 142, returning the closest version; found: 139; Please update to a Selenium version that supports CDP version 142
]]></system-err>
  </testcase>
  <testcase name="Login validation with valid credentials" classname="Login validation" time="5.91">
    <system-out><![CDATA[
Scenario: Login validation with valid credentials        &amp#27;[90m# src/test/resources/features/LoginPage.feature:6&amp#27;[0m
browser value is: Chrome
LoginPage Titile is: GTPL Bank Home Page
  &amp#27;[32mGiven &amp#27;[0m&amp#27;[32mwhen user is on login page&amp#27;[0m                       &amp#27;[90m# stepDefinations.LoginPageSteps.when_user_is_on_login_page()&amp#27;[0m
  &amp#27;[32mWhen &amp#27;[0m&amp#27;[32muser enters the userId &amp#27;[0m&amp#27;[32m&amp#27;[1m"mngr26593"&amp#27;[0m                &amp#27;[90m# stepDefinations.LoginPageSteps.user_enters_the_user_id(java.lang.String)&amp#27;[0m
  &amp#27;[32mAnd &amp#27;[0m&amp#27;[32muser enters the password &amp#27;[0m&amp#27;[32m&amp#27;[1m"12!@"&amp#27;[0m                    &amp#27;[90m# stepDefinations.LoginPageSteps.user_enters_the_password(java.lang.String)&amp#27;[0m
  &amp#27;[32mAnd &amp#27;[0m&amp#27;[32muser clicks on Login button&amp#27;[0m                        &amp#27;[90m# stepDefinations.LoginPageSteps.user_clicks_on_login_button()&amp#27;[0m
  &amp#27;[32mThen &amp#27;[0m&amp#27;[32mpage title should be &amp#27;[0m&amp#27;[32m&amp#27;[1m"GTPL Bank Manager HomePage"&amp#27;[0m &amp#27;[90m# stepDefinations.LoginPageSteps.page_title_should_be(java.lang.String)&amp#27;[0m

    Embedding Login_validation_with_valid_credentials [img/png 65638 bytes]

]]></system-out>
    <system-err><![CDATA[Dec 02, 2025 7:22:10 PM org.openqa.selenium.devtools.CdpVersionFinder findNearestMatch
WARNING: Unable to find an exact match for CDP version 142, returning the closest version; found: 139; Please update to a Selenium version that supports CDP version 142
]]></system-err>
  </testcase>
  <testcase name="Login validation with invalid credentials" classname="Login validation" time="5.825">
    <system-out><![CDATA[
Scenario: Login validation with invalid credentials                  &amp#27;[90m# src/test/resources/features/LoginPage.feature:12&amp#27;[0m
browser value is: Chrome
LoginPage Titile is: GTPL Bank Home Page
  &amp#27;[32mGiven &amp#27;[0m&amp#27;[32mwhen user is on login page&amp#27;[0m                                   &amp#27;[90m# stepDefinations.LoginPageSteps.when_user_is_on_login_page()&amp#27;[0m
  &amp#27;[32mWhen &amp#27;[0m&amp#27;[32muser enters the userId &amp#27;[0m&amp#27;[32m&amp#27;[1m"mngr26593"&amp#27;[0m                            &amp#27;[90m# stepDefinations.LoginPageSteps.user_enters_the_user_id(java.lang.String)&amp#27;[0m
  &amp#27;[32mAnd &amp#27;[0m&amp#27;[32muser enters the password &amp#27;[0m&amp#27;[32m&amp#27;[1m"1234"&amp#27;[0m                                &amp#27;[90m# stepDefinations.LoginPageSteps.user_enters_the_password(java.lang.String)&amp#27;[0m
  &amp#27;[32mAnd &amp#27;[0m&amp#27;[32muser clicks on Login button&amp#27;[0m                                    &amp#27;[90m# stepDefinations.LoginPageSteps.user_clicks_on_login_button()&amp#27;[0m
  &amp#27;[32mThen &amp#27;[0m&amp#27;[32mnew alert triggered and message should be &amp#27;[0m&amp#27;[32m&amp#27;[1m"User is not valid"&amp#27;[0m &amp#27;[90m# stepDefinations.LoginPageSteps.new_alert_triggered_and_message_should_be(java.lang.String)&amp#27;[0m

    Embedding Login_validation_with_invalid_credentials [img/png 54390 bytes]

]]></system-out>
    <system-err><![CDATA[Dec 02, 2025 7:22:16 PM org.openqa.selenium.devtools.CdpVersionFinder findNearestMatch
WARNING: Unable to find an exact match for CDP version 142, returning the closest version; found: 139; Please update to a Selenium version that supports CDP version 142
]]></system-err>
  </testcase>
  <testcase name="Verify the applicatio behaviour when user clicks on logout link" classname="Verification of the logout functionality" time="24.283">
    <error message="Expected condition failed: waiting for element to be clickable: By.xpath: //*[text()=&apos;Log out&apos;] (tried for 20 second(s) with 500 milliseconds interval)&#10;Build info: version: &apos;4.35.0&apos;, revision: &apos;1c58e5028b&apos;&#10;System info: os.name: &apos;Windows 10&apos;, os.arch: &apos;amd64&apos;, os.version: &apos;10.0&apos;, java.version: &apos;21.0.8&apos;&#10;Driver info: org.openqa.selenium.chrome.ChromeDriver&#10;Capabilities {acceptInsecureCerts: false, browserName: chrome, browserVersion: 142.0.7444.176, chrome: {chromedriverVersion: 142.0.7444.175 (302067f14a4..., userDataDir: C:\Users\admin\AppData\Loca...}, fedcm:accounts: true, goog:chromeOptions: {debuggerAddress: localhost:50445}, goog:processID: 8144, networkConnectionEnabled: false, pageLoadStrategy: normal, platformName: windows, proxy: Proxy(), se:cdp: ws://localhost:50445/devtoo..., se:cdpVersion: 142.0.7444.176, setWindowRect: true, strictFileInteractability: false, timeouts: {implicit: 0, pageLoad: 300000, script: 30000}, unhandledPromptBehavior: dismiss and notify, webauthn:extension:credBlob: true, webauthn:extension:largeBlob: true, webauthn:extension:minPinLength: true, webauthn:extension:prf: true, webauthn:virtualAuthenticators: true}&#10;Session ID: e0ec8f6ca942a1168c56654f7b9d5038" type="org.openqa.selenium.TimeoutException"><![CDATA[org.openqa.selenium.TimeoutException: 
Expected condition failed: waiting for element to be clickable: By.xpath: //*[text()='Log out'] (tried for 20 second(s) with 500 milliseconds interval)
Build info: version: '4.35.0', revision: '1c58e5028b'
System info: os.name: 'Windows 10', os.arch: 'amd64', os.version: '10.0', java.version: '21.0.8'
Driver info: org.openqa.selenium.chrome.ChromeDriver
Capabilities {acceptInsecureCerts: false, browserName: chrome, browserVersion: 142.0.7444.176, chrome: {chromedriverVersion: 142.0.7444.175 (302067f14a4..., userDataDir: C:\Users\admin\AppData\Loca...}, fedcm:accounts: true, goog:chromeOptions: {debuggerAddress: localhost:50445}, goog:processID: 8144, networkConnectionEnabled: false, pageLoadStrategy: normal, platformName: windows, proxy: Proxy(), se:cdp: ws://localhost:50445/devtoo..., se:cdpVersion: 142.0.7444.176, setWindowRect: true, strictFileInteractability: false, timeouts: {implicit: 0, pageLoad: 300000, script: 30000}, unhandledPromptBehavior: dismiss and notify, webauthn:extension:credBlob: true, webauthn:extension:largeBlob: true, webauthn:extension:minPinLength: true, webauthn:extension:prf: true, webauthn:virtualAuthenticators: true}
Session ID: e0ec8f6ca942a1168c56654f7b9d5038
	at org.openqa.selenium.support.ui.WebDriverWait.timeoutException(WebDriverWait.java:84)
	at org.openqa.selenium.support.ui.FluentWait.until(FluentWait.java:228)
	at com.Utils.Waits.waitForClickable(Waits.java:32)
	at com.Pages.HomePage.clickLogout(HomePage.java:104)
	at com.Pages.LogoutPage.Logout(LogoutPage.java:15)
	at stepDefinations.LogoutSteps.user_clicks_on_logout_link(LogoutSteps.java:15)
	at ✽.user clicks on logout link(file:///C:/Users/admin/eclipse-workspace/HybridFW_Cucumber_POM/src/test/resources/features/Logout.feature:5)
]]></error>
    <system-out><![CDATA[
Scenario: Verify the applicatio behaviour when user clicks on logout link          &amp#27;[90m# src/test/resources/features/Logout.feature:3&amp#27;[0m
browser value is: Chrome
  &amp#27;[32mGiven &amp#27;[0m&amp#27;[32muser is on HomePage&amp#27;[0m                                                        &amp#27;[90m# stepDefinations.HomePageSteps.user_is_on_home_page()&amp#27;[0m
  &amp#27;[31mAnd &amp#27;[0m&amp#27;[31muser clicks on logout link&amp#27;[0m                                                   &amp#27;[90m# stepDefinations.LogoutSteps.user_clicks_on_logout_link()&amp#27;[0m
      &amp#27;[31morg.openqa.selenium.TimeoutException: Expected condition failed: waiting for element to be clickable: By.xpath: //*[text()='Log out'] (tried for 20 second(s) with 500 milliseconds interval)
Build info: version: '4.35.0', revision: '1c58e5028b'
System info: os.name: 'Windows 10', os.arch: 'amd64', os.version: '10.0', java.version: '21.0.8'
Driver info: org.openqa.selenium.chrome.ChromeDriver
Capabilities {acceptInsecureCerts: false, browserName: chrome, browserVersion: 142.0.7444.176, chrome: {chromedriverVersion: 142.0.7444.175 (302067f14a4..., userDataDir: C:\Users\admin\AppData\Loca...}, fedcm:accounts: true, goog:chromeOptions: {debuggerAddress: localhost:50445}, goog:processID: 8144, networkConnectionEnabled: false, pageLoadStrategy: normal, platformName: windows, proxy: Proxy(), se:cdp: ws://localhost:50445/devtoo..., se:cdpVersion: 142.0.7444.176, setWindowRect: true, strictFileInteractability: false, timeouts: {implicit: 0, pageLoad: 300000, script: 30000}, unhandledPromptBehavior: dismiss and notify, webauthn:extension:credBlob: true, webauthn:extension:largeBlob: true, webauthn:extension:minPinLength: true, webauthn:extension:prf: true, webauthn:virtualAuthenticators: true}
Session ID: e0ec8f6ca942a1168c56654f7b9d5038
	at org.openqa.selenium.support.ui.WebDriverWait.timeoutException(WebDriverWait.java:84)
	at org.openqa.selenium.support.ui.FluentWait.until(FluentWait.java:228)
	at com.Utils.Waits.waitForClickable(Waits.java:32)
	at com.Pages.HomePage.clickLogout(HomePage.java:104)
	at com.Pages.LogoutPage.Logout(LogoutPage.java:15)
	at stepDefinations.LogoutSteps.user_clicks_on_logout_link(LogoutSteps.java:15)
	at ✽.user clicks on logout link(file:///C:/Users/admin/eclipse-workspace/HybridFW_Cucumber_POM/src/test/resources/features/Logout.feature:5)
&amp#27;[0m
  &amp#27;[36mThen &amp#27;[0m&amp#27;[36mpopup should be displayed with the text &amp#27;[0m&amp#27;[36m&amp#27;[1m"You Have Succesfully Logged Out!!"&amp#27;[0m &amp#27;[90m# stepDefinations.LogoutSteps.popup_should_be_displayed_with_the_text(java.lang.String)&amp#27;[0m

    Embedding Verify_the_applicatio_behaviour_when_user_clicks_on_logout_link [img/png 52992 bytes]

]]></system-out>
    <system-err><![CDATA[Dec 02, 2025 7:22:22 PM org.openqa.selenium.devtools.CdpVersionFinder findNearestMatch
WARNING: Unable to find an exact match for CDP version 142, returning the closest version; found: 139; Please update to a Selenium version that supports CDP version 142
]]></system-err>
  </testcase>
  <testcase name="verification of New Customer Page with valid details" classname="Verify the new customer registration" time="24.268">
    <error message="Expected condition failed: waiting for element to be clickable: By.xpath: //*[text()=&apos;New Customer&apos;] (tried for 20 second(s) with 500 milliseconds interval)&#10;Build info: version: &apos;4.35.0&apos;, revision: &apos;1c58e5028b&apos;&#10;System info: os.name: &apos;Windows 10&apos;, os.arch: &apos;amd64&apos;, os.version: &apos;10.0&apos;, java.version: &apos;21.0.8&apos;&#10;Driver info: org.openqa.selenium.chrome.ChromeDriver&#10;Capabilities {acceptInsecureCerts: false, browserName: chrome, browserVersion: 142.0.7444.176, chrome: {chromedriverVersion: 142.0.7444.175 (302067f14a4..., userDataDir: C:\Users\admin\AppData\Loca...}, fedcm:accounts: true, goog:chromeOptions: {debuggerAddress: localhost:50498}, goog:processID: 14668, networkConnectionEnabled: false, pageLoadStrategy: normal, platformName: windows, proxy: Proxy(), se:cdp: ws://localhost:50498/devtoo..., se:cdpVersion: 142.0.7444.176, setWindowRect: true, strictFileInteractability: false, timeouts: {implicit: 0, pageLoad: 300000, script: 30000}, unhandledPromptBehavior: dismiss and notify, webauthn:extension:credBlob: true, webauthn:extension:largeBlob: true, webauthn:extension:minPinLength: true, webauthn:extension:prf: true, webauthn:virtualAuthenticators: true}&#10;Session ID: 9eb5f66b7d8e2a910fac61e5ed16e789" type="org.openqa.selenium.TimeoutException"><![CDATA[org.openqa.selenium.TimeoutException: 
Expected condition failed: waiting for element to be clickable: By.xpath: //*[text()='New Customer'] (tried for 20 second(s) with 500 milliseconds interval)
Build info: version: '4.35.0', revision: '1c58e5028b'
System info: os.name: 'Windows 10', os.arch: 'amd64', os.version: '10.0', java.version: '21.0.8'
Driver info: org.openqa.selenium.chrome.ChromeDriver
Capabilities {acceptInsecureCerts: false, browserName: chrome, browserVersion: 142.0.7444.176, chrome: {chromedriverVersion: 142.0.7444.175 (302067f14a4..., userDataDir: C:\Users\admin\AppData\Loca...}, fedcm:accounts: true, goog:chromeOptions: {debuggerAddress: localhost:50498}, goog:processID: 14668, networkConnectionEnabled: false, pageLoadStrategy: normal, platformName: windows, proxy: Proxy(), se:cdp: ws://localhost:50498/devtoo..., se:cdpVersion: 142.0.7444.176, setWindowRect: true, strictFileInteractability: false, timeouts: {implicit: 0, pageLoad: 300000, script: 30000}, unhandledPromptBehavior: dismiss and notify, webauthn:extension:credBlob: true, webauthn:extension:largeBlob: true, webauthn:extension:minPinLength: true, webauthn:extension:prf: true, webauthn:virtualAuthenticators: true}
Session ID: 9eb5f66b7d8e2a910fac61e5ed16e789
	at org.openqa.selenium.support.ui.WebDriverWait.timeoutException(WebDriverWait.java:84)
	at org.openqa.selenium.support.ui.FluentWait.until(FluentWait.java:228)
	at com.Utils.Waits.waitForClickable(Waits.java:32)
	at com.Pages.HomePage.clickNewCustomer(HomePage.java:64)
	at stepDefinations.RegisterNewcustomerSteps.when_user_is_on_new_customer_page(RegisterNewcustomerSteps.java:23)
	at ✽.when user is on New Customer Page(file:///C:/Users/admin/eclipse-workspace/HybridFW_Cucumber_POM/src/test/resources/features/RegisterNewCustomer.feature:4)
]]></error>
    <system-out><![CDATA[
Scenario: verification of New Customer Page with valid details              &amp#27;[90m# src/test/resources/features/RegisterNewCustomer.feature:3&amp#27;[0m
browser value is: Chrome
  &amp#27;[31mGiven &amp#27;[0m&amp#27;[31mwhen user is on New Customer Page&amp#27;[0m                                   &amp#27;[90m# stepDefinations.RegisterNewcustomerSteps.when_user_is_on_new_customer_page()&amp#27;[0m
      &amp#27;[31morg.openqa.selenium.TimeoutException: Expected condition failed: waiting for element to be clickable: By.xpath: //*[text()='New Customer'] (tried for 20 second(s) with 500 milliseconds interval)
Build info: version: '4.35.0', revision: '1c58e5028b'
System info: os.name: 'Windows 10', os.arch: 'amd64', os.version: '10.0', java.version: '21.0.8'
Driver info: org.openqa.selenium.chrome.ChromeDriver
Capabilities {acceptInsecureCerts: false, browserName: chrome, browserVersion: 142.0.7444.176, chrome: {chromedriverVersion: 142.0.7444.175 (302067f14a4..., userDataDir: C:\Users\admin\AppData\Loca...}, fedcm:accounts: true, goog:chromeOptions: {debuggerAddress: localhost:50498}, goog:processID: 14668, networkConnectionEnabled: false, pageLoadStrategy: normal, platformName: windows, proxy: Proxy(), se:cdp: ws://localhost:50498/devtoo..., se:cdpVersion: 142.0.7444.176, setWindowRect: true, strictFileInteractability: false, timeouts: {implicit: 0, pageLoad: 300000, script: 30000}, unhandledPromptBehavior: dismiss and notify, webauthn:extension:credBlob: true, webauthn:extension:largeBlob: true, webauthn:extension:minPinLength: true, webauthn:extension:prf: true, webauthn:virtualAuthenticators: true}
Session ID: 9eb5f66b7d8e2a910fac61e5ed16e789
	at org.openqa.selenium.support.ui.WebDriverWait.timeoutException(WebDriverWait.java:84)
	at org.openqa.selenium.support.ui.FluentWait.until(FluentWait.java:228)
	at com.Utils.Waits.waitForClickable(Waits.java:32)
	at com.Pages.HomePage.clickNewCustomer(HomePage.java:64)
	at stepDefinations.RegisterNewcustomerSteps.when_user_is_on_new_customer_page(RegisterNewcustomerSteps.java:23)
	at ✽.when user is on New Customer Page(file:///C:/Users/admin/eclipse-workspace/HybridFW_Cucumber_POM/src/test/resources/features/RegisterNewCustomer.feature:4)
&amp#27;[0m
  &amp#27;[36mWhen &amp#27;[0m&amp#27;[36muser enters the data in the form from xlsx file&amp#27;[0m                      &amp#27;[90m# stepDefinations.RegisterNewcustomerSteps.user_enters_the_data_in_the_form_from_xlsx_file()&amp#27;[0m
  &amp#27;[36mWhen &amp#27;[0m&amp#27;[36muser click on regester button&amp#27;[0m                                        &amp#27;[90m# stepDefinations.RegisterNewcustomerSteps.user_click_on_regester_button()&amp#27;[0m
  &amp#27;[36mThen &amp#27;[0m&amp#27;[36msuccess message should be displayed as &amp#27;[0m&amp#27;[36m&amp#27;[1m"Your registration completed"&amp#27;[0m &amp#27;[90m# stepDefinations.RegisterNewcustomerSteps.success_message_should_be_displayed_as(java.lang.String)&amp#27;[0m

    Embedding verification_of_New_Customer_Page_with_valid_details [img/png 54427 bytes]

]]></system-out>
    <system-err><![CDATA[Dec 02, 2025 7:22:47 PM org.openqa.selenium.devtools.CdpVersionFinder findNearestMatch
WARNING: Unable to find an exact match for CDP version 142, returning the closest version; found: 139; Please update to a Selenium version that supports CDP version 142
]]></system-err>
  </testcase>
</testsuite>